2024-07-05T05:21:29.618Z - info: Website generation started at 1:21:29 pm
2024-07-05T05:21:29.724Z - info: Building assets...
2024-07-05T05:21:30.027Z - info: Assets built
2024-07-05T05:21:30.028Z - info: Generating pages...
2024-07-05T05:21:30.182Z - info: Pages built
2024-07-05T05:21:30.293Z - info: Site data built
2024-07-05T05:21:30.293Z - info: Website generation complete! Total build time: 0.741s
2024-07-05T05:21:30.293Z - info: Build success!
2024-07-05T05:21:36.084Z - info: The website has been deployed at: https://gerteck.github.io/mb-test-deploy-2
2024-07-05T05:29:56.877Z - info: Website generation started at 1:29:56 pm
2024-07-05T05:29:57.333Z - info: Building assets...
2024-07-05T05:29:57.358Z - info: Assets built
2024-07-05T05:29:57.359Z - info: Generating pages...
2024-07-05T05:29:57.512Z - info: Pages built
2024-07-05T05:29:57.636Z - info: Site data built
2024-07-05T05:29:57.637Z - info: Website generation complete! Total build time: 0.851s
2024-07-05T05:29:57.637Z - info: Build success!
2024-07-05T05:30:02.853Z - info: The website has been deployed at: https://gerteck.github.io/mb-test-deploy-2
2024-07-05T05:34:25.082Z - info: Website generation started at 1:34:25 pm
2024-07-05T05:34:25.173Z - info: Building assets...
2024-07-05T05:34:25.399Z - info: Assets built
2024-07-05T05:34:25.400Z - info: Generating pages...
2024-07-05T05:34:25.554Z - info: Pages built
2024-07-05T05:34:25.680Z - info: Site data built
2024-07-05T05:34:25.681Z - info: Website generation complete! Total build time: 0.663s
2024-07-05T05:34:25.681Z - info: Build success!
2024-07-05T05:34:29.925Z - info: The website has been deployed at: https://gerteck.github.io/mb-test-deploy-2
2024-07-05T05:34:48.309Z - info: Website generation started at 1:34:48 pm
2024-07-05T05:34:48.393Z - info: Building assets...
